<?xml version="1.0" encoding="UTF-8"?>
<!-- Generated by org.testng.reporters.JUnitXMLReporter -->
<testsuite ignored="0" name="Test" tests="1" failures="0" timestamp="02 Nov 2017 07:17:01 GMT" time="0.048" errors="0">
  <testcase name="@BeforeMethod openapplication" time="0.009" classname="com.bluestone.script.basetest">
    <failure type="java.lang.NullPointerException">
      <![CDATA[java.lang.NullPointerException
	at com.bluestone.script.basetest.openapplication(basetest.java:28)
... Removed 27 stack frames]]>
    </failure>
  </testcase> <!-- @BeforeMethod openapplication -->
  <testcase name="ringsmethod" time="0.001" classname="com.bluestone.script.ringstest">
    <skipped/>
  </testcase> <!-- ringsmethod -->
</testsuite> <!-- Test -->
